============================================================
  MITIGATION 1: ADAPTIVE GAMMA
  Three-task sequence with γ based on Fisher overlap
  λ=500, base_γ=0.9, min_γ=0.3
============================================================

--- Step 1: Load Addition Model ---
  Fisher (add) norm: 101.7136
  Baseline: add=98%

--- Step 2: Train Subtraction (task 2) ---
  Created 2500 sub samples (carry: 0)
  After sub: add=97%, sub=100%

--- Step 3: Compute Fisher on Sub Model + Measure Overlap ---
  Fisher (sub) norm: 87.4041
  Overlap (cosine sim): 0.9765
  Gamma adaptive: 0.8859 (from base 0.9)
  Interpretation: High overlap — similar tasks

--- Step 4: Merge Fisher with Adaptive Gamma ---
  Fisher norm: 101.7136 → 99.8314 (change: -1.9%)
  Task count: 2

--- Step 5: Train Multiplication (task 3) ---
  Created 5000 mul samples (carry: 0)
  After mul: add=0%, sub=5%, mul=37%

============================================================
  ADAPTIVE GAMMA THREE-TASK RESULTS
============================================================
  Step                 |    Add |    Sub |    Mul |   Fisher |      γ
  ---------------------+--------+--------+--------+----------+-------
  After Addition       |    98% |      - |      - |   101.71 |      -
  After Subtraction    |    97% |   100% |      - |    87.40 |    0.9
  After Mul (adaptive γ) |     0% |     5% |    37% |    99.83 |  0.886

  ==================================================
  ❌ Adaptive gamma insufficient for full recovery
  Best task: 37%, Worst: 0%
  ==================================================

  Comparison with fixed γ=0.9:
    Fixed γ:   add=3%,  sub=0%,  mul=34% (from three-task experiment)
    Adaptive γ: add=0%, sub=5%, mul=37%
    Improvement in add: +-3pp

  Results: experiments\adaptive_gamma_results.json
