============================================================
  ERROR BAR EXPERIMENTS
  3 seeds × 3 conditions = 9 runs
  Estimated: ~3h45m
============================================================

============================================================
  EWC Retention
  λ=1000, EWC=True, seeds=[42, 123, 256]
============================================================

--- Seed 42 ---
  Baseline add: 97.0%
  Created 2500 sub samples (carry: 0)
  add=97%→100%, sub=100%, steps=1560

--- Seed 123 ---
  Baseline add: 100.0%
  Created 2500 sub samples (carry: 0)
  add=100%→100%, sub=100%, steps=1560

--- Seed 256 ---
  Baseline add: 96.0%
  Created 2500 sub samples (carry: 0)
  add=96%→100%, sub=100%, steps=1560

============================================================
  No-EWC Control
  λ=0, EWC=False, seeds=[42, 123, 256]
============================================================

--- Seed 42 ---
  Baseline add: 99.0%
  Created 2500 sub samples (carry: 0)
  add=99%→96%, sub=91%, steps=1560

--- Seed 123 ---
  Baseline add: 96.0%
  Created 2500 sub samples (carry: 0)
  add=96%→0%, sub=10%, steps=1560

--- Seed 256 ---
  Baseline add: 95.0%
  Created 2500 sub samples (carry: 0)
  add=95%→96%, sub=95%, steps=1560

============================================================
  Lambda=500 (Optimal)
  λ=500, EWC=True, seeds=[42, 123, 256]
============================================================

--- Seed 42 ---
  Baseline add: 98.0%
  Created 2500 sub samples (carry: 0)
  add=98%→100%, sub=99%, steps=1560

--- Seed 123 ---
  Baseline add: 100.0%
  Created 2500 sub samples (carry: 0)
  add=100%→100%, sub=100%, steps=1560

--- Seed 256 ---
  Baseline add: 96.0%
  Created 2500 sub samples (carry: 0)
  add=96%→100%, sub=100%, steps=1560


============================================================
  ERROR BAR SUMMARY
============================================================

  Condition                 |  Add Mean |  Add Std |  Sub Mean |  Sub Std
  --------------------------+-----------+----------+-----------+---------
  EWC Retention             |   100.0%  | ±0.0% |   100.0%  | ±0.0%
  No-EWC Control            |    64.0%  | ±55.4% |    65.3%  | ±48.0%
  Lambda=500 (Optimal)      |   100.0%  | ±0.0% |    99.7%  | ±0.6%


  --- PAPER TABLE ENTRIES ---

  EWC Retention:
    Addition:  100.0 ± 0.0%
    Subtraction: 100.0 ± 0.0%
    Retention drop: -2.3 ± 2.1 pp

  No-EWC Control:
    Addition:  64.0 ± 55.4%
    Subtraction: 65.3 ± 48.0%
    Retention drop: 32.7 ± 54.9 pp

  Lambda=500 (Optimal):
    Addition:  100.0 ± 0.0%
    Subtraction: 99.7 ± 0.6%
    Retention drop: -2.0 ± 2.0 pp

  Saved: experiments\error_bar_results.json
