============================================================
  STANDARD EWC BASELINE (non-merged)
  3 tasks × 3 seeds = 9 runs
  λ=500
============================================================

  --- Seed 42 ---
  Baseline: add=98%
  Created 2500 sub samples (carry: 0)
  After sub: add=99%, sub=99%
  Created 5000 mul samples (carry: 0)
  After mul: add=0%, sub=0%, mul=37%

  --- Seed 123 ---
  Baseline: add=97%
  Created 2500 sub samples (carry: 0)
  After sub: add=100%, sub=99%
  Created 5000 mul samples (carry: 0)
  After mul: add=2%, sub=0%, mul=11%

  --- Seed 256 ---
  Baseline: add=96%
  Created 2500 sub samples (carry: 0)
  After sub: add=100%, sub=100%
  Created 5000 mul samples (carry: 0)
  After mul: add=4%, sub=0%, mul=26%


============================================================
  STANDARD EWC — SUMMARY
============================================================
  add   | After add:  97.0±1.0 | After sub:  99.7±0.6 | After mul:   2.0±2.0
  sub   | After add: 100.0±0.0 | After sub:  99.3±0.6 | After mul:   0.0±0.0
  mul   | After add:   0.0±0.0 | After sub:   0.0±0.0 | After mul:  24.7±13.1

  Comparison with Merged EWC (previous experiment):
           |   Merged | Standard |    Delta
  Add      |     3.0% |     2.0% |    -1.0pp
  Sub      |     0.0% |     0.0% |    +0.0pp
  Mul      |    34.0% |    24.7% |    -9.3pp

  ❌ Standard EWC also collapses — the problem is not the merge, it's capacity or λ

  Results: experiments\standard_ewc_results.json
