============================================================
  ABLATION 4: THREE-TASK SEQUENCE
  Add → Sub → Mul with Online EWC
  λ=500, γ=0.9, 2000 steps/task
============================================================

--- Step 1: Load Addition Model ---
  Baseline: add=97.0%

--- Step 2: Compute Fisher on Addition ---
  Fisher computed: 39 parameter groups
  Fisher norm: 2.3467

--- Step 3: Train Subtraction (task 2) ---
  Created 2500 sub samples (carry: 0)
  Epoch 1: add=100%  sub=96%  mul=0% [14s]
  Epoch 3: add=96%  sub=92%  mul=0% [40s]
  Epoch 5: add=100%  sub=100%  mul=0% [65s]
  Epoch 7: add=88%  sub=96%  mul=0% [91s]
  Epoch 9: add=100%  sub=100%  mul=0% [117s]
  Epoch 11: add=96%  sub=100%  mul=0% [142s]
  Epoch 13: add=100%  sub=100%  mul=0% [167s]
  Epoch 15: add=100%  sub=100%  mul=0% [192s]
  Epoch 17: add=100%  sub=100%  mul=0% [216s]
  Epoch 19: add=100%  sub=98%  mul=0% [242s]
  After sub: add=100.0%  sub=100.0%

--- Step 4: Compute & Merge Fisher on Subtraction ---
  Fisher merged: 1 → 2 tasks
  Fisher norm: 2.3467 → 2.1914 (growth: 0.93x)

--- Step 5: Train Multiplication (task 3) ---
  Created 5000 mul samples (carry: 0)
  Epoch 1: add=8%  sub=4%  mul=22% [25s]
  Epoch 3: add=0%  sub=0%  mul=32% [73s]
  Epoch 5: add=0%  sub=0%  mul=40% [121s]
  Epoch 7: add=0%  sub=0%  mul=52% [170s]
  Epoch 9: add=2%  sub=0%  mul=24% [218s]
  Epoch 11: add=0%  sub=0%  mul=44% [266s]
  Epoch 13: add=2%  sub=0%  mul=48% [310s]
  Epoch 15: add=0%  sub=0%  mul=62% [312s]
  Epoch 17: add=2%  sub=0%  mul=40% [313s]
  Epoch 19: add=4%  sub=0%  mul=42% [314s]
  After mul: add=3.0%  sub=0.0%  mul=34.0%


============================================================
  THREE-TASK SEQUENCE SUMMARY
============================================================
  Task         |    Add |    Sub |    Mul |   Fisher
  -------------+--------+--------+--------+---------
  After Add    |  97.0% |      - |      - |     2.35
  After Sub    | 100.0% | 100.0% |      - |     2.19
  After Mul    |   3.0% |   0.0% |  34.0% |     2.19

  ==================================================
  ❌ FISHER MERGE CROWDED: Retention dropped to 0%
  Consider: lower gamma, per-task anchor buffers, or sparse Fisher
  ==================================================

  Results: experiments\ablation_three_task_results.json
