
============================================================
  Training Addition Specialist (+)
============================================================
  Device: CPU (no CUDA detected)
  Curriculum: 4 phases
    Phase 1: 5000 steps at max_digits=1
    Phase 2: 10000 steps at max_digits=2
    Phase 3: 10000 steps at max_digits=3
    Phase 4: 5000 steps at max_digits=4
  Building dataset (5000 samples, max_digits=1)...   Created 5000 add samples (carry: 2500)
done in 0.3s
  Params: 1,060,992 | d=128 L=4 ff=512 heads=4
  Optimizer: adamw  |  LR schedule: cosine  |  Grad clip: 1.0
  Reversed: True  |  Loss masking: True  |  Scratchpad: True
  Estimated time: ~1.7 hours
=== Addition Specialist — 2026-06-13 19:29 ===
  Device: CPU | Params: 1,060,992
  Steps: 0 -> 5000 | Batch: 32 | LR: 0.001
  Reversed: True | Loss masking: True | Scratchpad: True
  Activation: relu | Norm: rmsnorm | Pos: rope

  Training from step 0 to 5000...
  Curriculum: phase 1/4 (max_digits=1)
  Press Ctrl+C to save and exit gracefully.

  Step    500/5000 | loss=0.0324 | lr=0.001000 | 2.7 st/s | ETA: 27m P1
  Step   1000/5000 | loss=0.1293 | lr=0.000970 | 2.8 st/s | ETA: 24m P1
    Eval step 1000: 11.0% (best: 11.0%) | 1d:100% 2d:0% 3d:0% 4d:0% [358s]
  Step   1500/5000 | loss=0.0003 | lr=0.000883 | 3.0 st/s | ETA: 20m P1
  Step   2000/5000 | loss=0.0002 | lr=0.000750 | 3.1 st/s | ETA: 16m P1
    Eval step 2000: 3.0% (best: 11.0%) | 1d:100% 2d:0% 3d:0% 4d:0% [658s]
  Step   2500/5000 | loss=0.0001 | lr=0.000587 | 3.1 st/s | ETA: 13m P1
  Step   3000/5000 | loss=0.0001 | lr=0.000413 | 3.1 st/s | ETA: 11m P1
    Eval step 3000: 6.0% (best: 11.0%) | 1d:100% 2d:0% 3d:0% 4d:0% [957s]
  Step   3500/5000 | loss=0.0001 | lr=0.000250 | 3.2 st/s | ETA: 8m P1
  Step   4000/5000 | loss=0.0001 | lr=0.000117 | 3.2 st/s | ETA: 5m P1
    Eval step 4000: 5.0% (best: 11.0%) | 1d:100% 2d:0% 3d:0% 4d:0% [1259s]
  Step   4500/5000 | loss=0.0001 | lr=0.000030 | 3.2 st/s | ETA: 3m P1
  Step   5000/5000 | loss=0.0001 | lr=0.000000 | 3.2 st/s | ETA: 0m P1
    Eval step 5000: 6.0% (best: 11.0%) | 1d:100% 2d:0% 3d:0% 4d:0% [1563s]

  Done! 1565s (26.1 min) | Best: 11.0% | Steps: 5000
